[LOG] System::create                           : Header version = 2.02.27. Current version = 2.02.27.
[LOG] Manager::init                            : maxchannels = 256 studioflags = 00000006 flags 00000000 extradriverdata 0000000000000000.
[LOG] SystemI::init                            : Initialize version=20227 (149235), maxchannels=256, flags=0x00020000
[LOG] SystemI::setOutputInternal               : Setting output to 'FMOD WASAPI Output'
[LOG] OutputWASAPI::init                       : Mix Format (WAVEFORMATEX): wFormatTag=0xFFFE, nChannels=2, nSamplesPerSec=48000, nAvgBytesPerSec=384000, nBlockAlign=8, wBitsPerSample=32, cbSize=22.
[LOG] OutputWASAPI::init                       : Mix Format (WAVEFORMATEXTENSIBLE): wValidBitsPerSample=32, dwChannelMask=0x00000003, SubFormat=00000003-0000-0010-8000-00AA00389B71.
[LOG] OutputWASAPI::init                       : Output buffer size: 4096 samples, latency: 0.00ms, period: 10.00ms, DSP buffer: 1024 * 4
[LOG] Thread::initThread                       : Init FMOD stream thread. Affinity: 0x4000000000000003, Priority: 0xFFFF7FFB, Stack Size: 98304, Semaphore: No, Sleep Time: 10, Looping: Yes.
[LOG] Thread::initThread                       : Init FMOD mixer thread. Affinity: 0x4000000000000001, Priority: 0xFFFF7FFA, Stack Size: 81920, Semaphore: No, Sleep Time: 0, Looping: Yes.
[LOG] AsyncManager::init                       : manager 0000023078C00518 isAsync 0 updatePeriod 0.02
[LOG] AsyncManager::init                       : done
[LOG] PlaybackSystem::init                     : 
[LOG] Thread::initThread                       : Init FMOD Studio sample load thread. Affinity: 0x4000000000000003, Priority: 0xFFFF7FFD, Stack Size: 98304, Semaphore: No, Sleep Time: 1, Looping: No.
[LOG] PlaybackSystem::init                     : done
[LOG] Thread::initThread                       : Init FMOD Studio bank load thread. Affinity: 0x4000000000000003, Priority: 0xFFFF7FFD, Stack Size: 98304, Semaphore: No, Sleep Time: 1, Looping: No.
[LOG] Manager::init                            : done.
[LOG] Manager::readBank                        : fileversion = 142, compatVersion = 140 (oldest = 44, newest = 142)
[LOG] Manager::readBank                        : fileversion = 142, compatVersion = 140 (oldest = 44, newest = 142)
[LOG] PlaybackSystem::acquireMasterBus         : Setting master channel group format to 6
[LOG] Manager::readBank                        : fileversion = 142, compatVersion = 140 (oldest = 44, newest = 142)
[LOG] Manager::readBank                        : fileversion = 142, compatVersion = 140 (oldest = 44, newest = 142)
[LOG] Manager::readBank                        : fileversion = 142, compatVersion = 140 (oldest = 44, newest = 142)
[LOG] Manager::readBank                        : fileversion = 142, compatVersion = 140 (oldest = 44, newest = 142)
[LOG] PlaybackSystem::acquireMasterBus         : Setting master channel group format to 6
[LOG] Manager::readBank                        : fileversion = 142, compatVersion = 140 (oldest = 44, newest = 142)
[LOG] Manager::readBank                        : fileversion = 142, compatVersion = 140 (oldest = 44, newest = 142)
[LOG] SystemI::createSoundInternal             : Create name='', mode=0x02000202
[LOG] SystemI::createSoundInternal             : exinfo->cbsize             = 224
[LOG] SystemI::createSoundInternal             : exinfo->length             = 1556736
[LOG] SystemI::createSoundInternal             : exinfo->fileoffset         = 28864
[LOG] SystemI::createSoundInternal             : exinfo->numsubsounds       = 1
[LOG] SystemI::createSoundInternal             : exinfo->inclusionlist      = 000000D24F9FEF98
[LOG] SystemI::createSoundInternal             : exinfo->inclusionlistnum   = 1
[LOG] SystemI::createSoundInternal             : exinfo->suggestedsoundtype = 5
[LOG] SystemI::createSoundInternal             : exinfo->useropen           = 00007FFA49D05B90
[LOG] SystemI::createSoundInternal             : exinfo->userclose          = 00007FFA49D05B50
[LOG] SystemI::createSoundInternal             : exinfo->userread           = 00007FFA49D05C70
[LOG] SystemI::createSoundInternal             : exinfo->userseek           = 00007FFA49D05D30
[LOG] SystemI::createSoundInternal             : exinfo->fileuserdata       = 0000023070708D58
[LOG] SystemI::createSoundInternal             : exinfo->initialseekpostype = 1
[LOG] SystemI::DSPCodecPoolRegister            : register codec pool for pool type 5
[LOG] SystemI::createSoundInternal             : Sample 0/1: name='Groan2', format=5, channels=2, frequency=48000, lengthbytes=64704, lengthpcm=288000, pcmblocksize=0, loopstart=0, loopend=0, mode=0x00000000, channelmask=0x00000000, channelorder=0, peakvolume=0.999969.
[LOG] SystemI::createSoundInternal             : Create name='', mode=0x02000202
[LOG] SystemI::createSoundInternal             : exinfo->cbsize             = 224
[LOG] SystemI::createSoundInternal             : exinfo->length             = 1556736
[LOG] SystemI::createSoundInternal             : exinfo->fileoffset         = 28864
[LOG] SystemI::createSoundInternal             : exinfo->numsubsounds       = 1
[LOG] SystemI::createSoundInternal             : exinfo->inclusionlist      = 000000D24F9FEF98
[LOG] SystemI::createSoundInternal             : exinfo->inclusionlistnum   = 1
[LOG] SystemI::createSoundInternal             : exinfo->suggestedsoundtype = 5
[LOG] SystemI::createSoundInternal             : exinfo->useropen           = 00007FFA49D05B90
[LOG] SystemI::createSoundInternal             : exinfo->userclose          = 00007FFA49D05B50
[LOG] SystemI::createSoundInternal             : exinfo->userread           = 00007FFA49D05C70
[LOG] SystemI::createSoundInternal             : exinfo->userseek           = 00007FFA49D05D30
[LOG] SystemI::createSoundInternal             : exinfo->fileuserdata       = 0000023070708D58
[LOG] SystemI::createSoundInternal             : exinfo->initialseekpostype = 1
[LOG] SystemI::DSPCodecPoolRegister            : register codec pool for pool type 5
[LOG] SystemI::createSoundInternal             : Sample 0/1: name='Groan3', format=5, channels=2, frequency=48000, lengthbytes=59296, lengthpcm=264000, pcmblocksize=0, loopstart=0, loopend=0, mode=0x00000000, channelmask=0x00000000, channelorder=0, peakvolume=0.999969.
[LOG] SystemI::createSoundInternal             : Create name='', mode=0x02000202
[LOG] SystemI::createSoundInternal             : exinfo->cbsize             = 224
[LOG] SystemI::createSoundInternal             : exinfo->length             = 1556736
[LOG] SystemI::createSoundInternal             : exinfo->fileoffset         = 28864
[LOG] SystemI::createSoundInternal             : exinfo->numsubsounds       = 1
[LOG] SystemI::createSoundInternal             : exinfo->inclusionlist      = 000000D24F9FEF98
[LOG] SystemI::createSoundInternal             : exinfo->inclusionlistnum   = 1
[LOG] SystemI::createSoundInternal             : exinfo->suggestedsoundtype = 5
[LOG] SystemI::createSoundInternal             : exinfo->useropen           = 00007FFA49D05B90
[LOG] SystemI::createSoundInternal             : exinfo->userclose          = 00007FFA49D05B50
[LOG] SystemI::createSoundInternal             : exinfo->userread           = 00007FFA49D05C70
[LOG] SystemI::createSoundInternal             : exinfo->userseek           = 00007FFA49D05D30
[LOG] SystemI::createSoundInternal             : exinfo->fileuserdata       = 0000023070708D58
[LOG] SystemI::createSoundInternal             : exinfo->initialseekpostype = 1
[LOG] SystemI::DSPCodecPoolRegister            : register codec pool for pool type 5
[LOG] SystemI::createSoundInternal             : Sample 0/1: name='Groan6', format=5, channels=2, frequency=48000, lengthbytes=60032, lengthpcm=276000, pcmblocksize=0, loopstart=0, loopend=0, mode=0x00000000, channelmask=0x00000000, channelorder=0, peakvolume=0.999420.
[LOG] SystemI::createSoundInternal             : Create name='', mode=0x02000202
[LOG] SystemI::createSoundInternal             : exinfo->cbsize             = 224
[LOG] SystemI::createSoundInternal             : exinfo->length             = 1556736
[LOG] SystemI::createSoundInternal             : exinfo->fileoffset         = 28864
[LOG] SystemI::createSoundInternal             : exinfo->numsubsounds       = 1
[LOG] SystemI::createSoundInternal             : exinfo->inclusionlist      = 000000D24F9FEF98
[LOG] SystemI::createSoundInternal             : exinfo->inclusionlistnum   = 1
[LOG] SystemI::createSoundInternal             : exinfo->suggestedsoundtype = 5
[LOG] SystemI::createSoundInternal             : exinfo->useropen           = 00007FFA49D05B90
[LOG] SystemI::createSoundInternal             : exinfo->userclose          = 00007FFA49D05B50
[LOG] SystemI::createSoundInternal             : exinfo->userread           = 00007FFA49D05C70
[LOG] SystemI::createSoundInternal             : exinfo->userseek           = 00007FFA49D05D30
[LOG] SystemI::createSoundInternal             : exinfo->fileuserdata       = 0000023070708D58
[LOG] SystemI::createSoundInternal             : exinfo->initialseekpostype = 1
[LOG] SystemI::DSPCodecPoolRegister            : register codec pool for pool type 5
[LOG] SystemI::createSoundInternal             : Sample 0/1: name='Groan8', format=5, channels=2, frequency=48000, lengthbytes=43520, lengthpcm=192000, pcmblocksize=0, loopstart=0, loopend=0, mode=0x00000000, channelmask=0x00000000, channelorder=0, peakvolume=0.999969.
[LOG] SystemI::createSoundInternal             : Create name='', mode=0x02000202
[LOG] SystemI::createSoundInternal             : exinfo->cbsize             = 224
[LOG] SystemI::createSoundInternal             : exinfo->length             = 1556736
[LOG] SystemI::createSoundInternal             : exinfo->fileoffset         = 28864
[LOG] SystemI::createSoundInternal             : exinfo->numsubsounds       = 1
[LOG] SystemI::createSoundInternal             : exinfo->inclusionlist      = 000000D24F9FEF98
[LOG] SystemI::createSoundInternal             : exinfo->inclusionlistnum   = 1
[LOG] SystemI::createSoundInternal             : exinfo->suggestedsoundtype = 5
[LOG] SystemI::createSoundInternal             : exinfo->useropen           = 00007FFA49D05B90
[LOG] SystemI::createSoundInternal             : exinfo->userclose          = 00007FFA49D05B50
[LOG] SystemI::createSoundInternal             : exinfo->userread           = 00007FFA49D05C70
[LOG] SystemI::createSoundInternal             : exinfo->userseek           = 00007FFA49D05D30
[LOG] SystemI::createSoundInternal             : exinfo->fileuserdata       = 0000023070708D58
[LOG] SystemI::createSoundInternal             : exinfo->initialseekpostype = 1
[LOG] SystemI::DSPCodecPoolRegister            : register codec pool for pool type 5
[LOG] SystemI::createSoundInternal             : Sample 0/1: name='Groan7', format=5, channels=2, frequency=48000, lengthbytes=60128, lengthpcm=264000, pcmblocksize=0, loopstart=0, loopend=0, mode=0x00000000, channelmask=0x00000000, channelorder=0, peakvolume=0.999969.
[LOG] SystemI::createSoundInternal             : Create name='', mode=0x02000202
[LOG] SystemI::createSoundInternal             : exinfo->cbsize             = 224
[LOG] SystemI::createSoundInternal             : exinfo->length             = 1556736
[LOG] SystemI::createSoundInternal             : exinfo->fileoffset         = 28864
[LOG] SystemI::createSoundInternal             : exinfo->numsubsounds       = 1
[LOG] SystemI::createSoundInternal             : exinfo->inclusionlist      = 000000D24F9FEF98
[LOG] SystemI::createSoundInternal             : exinfo->inclusionlistnum   = 1
[LOG] SystemI::createSoundInternal             : exinfo->suggestedsoundtype = 5
[LOG] SystemI::createSoundInternal             : exinfo->useropen           = 00007FFA49D05B90
[LOG] SystemI::createSoundInternal             : exinfo->userclose          = 00007FFA49D05B50
[LOG] SystemI::createSoundInternal             : exinfo->userread           = 00007FFA49D05C70
[LOG] SystemI::createSoundInternal             : exinfo->userseek           = 00007FFA49D05D30
[LOG] SystemI::createSoundInternal             : exinfo->fileuserdata       = 0000023070708D58
[LOG] SystemI::createSoundInternal             : exinfo->initialseekpostype = 1
[LOG] SystemI::DSPCodecPoolRegister            : register codec pool for pool type 5
[LOG] SystemI::createSoundInternal             : Sample 0/1: name='Groan5', format=5, channels=2, frequency=48000, lengthbytes=58176, lengthpcm=264000, pcmblocksize=0, loopstart=0, loopend=0, mode=0x00000000, channelmask=0x00000000, channelorder=0, peakvolume=0.999969.
[LOG] SystemI::createSoundInternal             : Create name='', mode=0x02000202
[LOG] SystemI::createSoundInternal             : exinfo->cbsize             = 224
[LOG] SystemI::createSoundInternal             : exinfo->length             = 1556736
[LOG] SystemI::createSoundInternal             : exinfo->fileoffset         = 28864
[LOG] SystemI::createSoundInternal             : exinfo->numsubsounds       = 1
[LOG] SystemI::createSoundInternal             : exinfo->inclusionlist      = 000000D24F9FEF98
[LOG] SystemI::createSoundInternal             : exinfo->inclusionlistnum   = 1
[LOG] SystemI::createSoundInternal             : exinfo->suggestedsoundtype = 5
[LOG] SystemI::createSoundInternal             : exinfo->useropen           = 00007FFA49D05B90
[LOG] SystemI::createSoundInternal             : exinfo->userclose          = 00007FFA49D05B50
[LOG] SystemI::createSoundInternal             : exinfo->userread           = 00007FFA49D05C70
[LOG] SystemI::createSoundInternal             : exinfo->userseek           = 00007FFA49D05D30
[LOG] SystemI::createSoundInternal             : exinfo->fileuserdata       = 0000023070708D58
[LOG] SystemI::createSoundInternal             : exinfo->initialseekpostype = 1
[LOG] SystemI::DSPCodecPoolRegister            : register codec pool for pool type 5
[LOG] SystemI::createSoundInternal             : Sample 0/1: name='Groan1', format=5, channels=2, frequency=48000, lengthbytes=61856, lengthpcm=264000, pcmblocksize=0, loopstart=0, loopend=0, mode=0x00000000, channelmask=0x00000000, channelorder=0, peakvolume=0.999969.
[LOG] SystemI::createSoundInternal             : Create name='', mode=0x02000202
[LOG] SystemI::createSoundInternal             : exinfo->cbsize             = 224
[LOG] SystemI::createSoundInternal             : exinfo->length             = 1556736
[LOG] SystemI::createSoundInternal             : exinfo->fileoffset         = 28864
[LOG] SystemI::createSoundInternal             : exinfo->numsubsounds       = 1
[LOG] SystemI::createSoundInternal             : exinfo->inclusionlist      = 000000D24F9FEF98
[LOG] SystemI::createSoundInternal             : exinfo->inclusionlistnum   = 1
[LOG] SystemI::createSoundInternal             : exinfo->suggestedsoundtype = 5
[LOG] SystemI::createSoundInternal             : exinfo->useropen           = 00007FFA49D05B90
[LOG] SystemI::createSoundInternal             : exinfo->userclose          = 00007FFA49D05B50
[LOG] SystemI::createSoundInternal             : exinfo->userread           = 00007FFA49D05C70
[LOG] SystemI::createSoundInternal             : exinfo->userseek           = 00007FFA49D05D30
[LOG] SystemI::createSoundInternal             : exinfo->fileuserdata       = 0000023070708D58
[LOG] SystemI::createSoundInternal             : exinfo->initialseekpostype = 1
[LOG] SystemI::DSPCodecPoolRegister            : register codec pool for pool type 5
[LOG] SystemI::createSoundInternal             : Sample 0/1: name='Groan4', format=5, channels=2, frequency=48000, lengthbytes=54528, lengthpcm=240000, pcmblocksize=0, loopstart=0, loopend=0, mode=0x00000000, channelmask=0x00000000, channelorder=0, peakvolume=0.999969.
[LOG] SoundI::release                          :  (0000022F6D12A608)
[LOG] SoundI::release                          :     Groan1 (000002309DD71158)
[LOG] SoundI::release                          :  (0000022D205FB368)
[LOG] SoundI::release                          :     Groan2 (00000230773CFA88)
[LOG] SoundI::release                          :  (0000022D205FB648)
[LOG] SoundI::release                          :     Groan3 (00000230773CF8E8)
[LOG] SoundI::release                          :  (0000022F6D12A328)
[LOG] SoundI::release                          :     Groan4 (000002309DD71CB8)
[LOG] SystemI::createSoundInternal             : Create name='', mode=0x02000202
[LOG] SystemI::createSoundInternal             : exinfo->cbsize             = 224
[LOG] SystemI::createSoundInternal             : exinfo->length             = 1556736
[LOG] SystemI::createSoundInternal             : exinfo->fileoffset         = 28864
[LOG] SystemI::createSoundInternal             : exinfo->numsubsounds       = 1
[LOG] SystemI::createSoundInternal             : exinfo->inclusionlist      = 000000D24F9FEF98
[LOG] SystemI::createSoundInternal             : exinfo->inclusionlistnum   = 1
[LOG] SystemI::createSoundInternal             : exinfo->suggestedsoundtype = 5
[LOG] SystemI::createSoundInternal             : exinfo->useropen           = 00007FFA49D05B90
[LOG] SystemI::createSoundInternal             : exinfo->userclose          = 00007FFA49D05B50
[LOG] SystemI::createSoundInternal             : exinfo->userread           = 00007FFA49D05C70
[LOG] SystemI::createSoundInternal             : exinfo->userseek           = 00007FFA49D05D30
[LOG] SystemI::createSoundInternal             : exinfo->fileuserdata       = 00000231252C25A8
[LOG] SystemI::createSoundInternal             : exinfo->initialseekpostype = 1
[LOG] SystemI::DSPCodecPoolRegister            : register codec pool for pool type 5
[LOG] SystemI::createSoundInternal             : Sample 0/1: name='Groan2', format=5, channels=2, frequency=48000, lengthbytes=64704, lengthpcm=288000, pcmblocksize=0, loopstart=0, loopend=0, mode=0x00000000, channelmask=0x00000000, channelorder=0, peakvolume=0.999969.
[LOG] SystemI::createSoundInternal             : Create name='', mode=0x02000202
[LOG] SystemI::createSoundInternal             : exinfo->cbsize             = 224
[LOG] SystemI::createSoundInternal             : exinfo->length             = 1556736
[LOG] SystemI::createSoundInternal             : exinfo->fileoffset         = 28864
[LOG] SystemI::createSoundInternal             : exinfo->numsubsounds       = 1
[LOG] SystemI::createSoundInternal             : exinfo->inclusionlist      = 000000D24F9FEF98
[LOG] SystemI::createSoundInternal             : exinfo->inclusionlistnum   = 1
[LOG] SystemI::createSoundInternal             : exinfo->suggestedsoundtype = 5
[LOG] SystemI::createSoundInternal             : exinfo->useropen           = 00007FFA49D05B90
[LOG] SystemI::createSoundInternal             : exinfo->userclose          = 00007FFA49D05B50
[LOG] SystemI::createSoundInternal             : exinfo->userread           = 00007FFA49D05C70
[LOG] SystemI::createSoundInternal             : exinfo->userseek           = 00007FFA49D05D30
[LOG] SystemI::createSoundInternal             : exinfo->fileuserdata       = 00000231252C25A8
[LOG] SystemI::createSoundInternal             : exinfo->initialseekpostype = 1
[LOG] SystemI::DSPCodecPoolRegister            : register codec pool for pool type 5
[LOG] SystemI::createSoundInternal             : Sample 0/1: name='Groan3', format=5, channels=2, frequency=48000, lengthbytes=59296, lengthpcm=264000, pcmblocksize=0, loopstart=0, loopend=0, mode=0x00000000, channelmask=0x00000000, channelorder=0, peakvolume=0.999969.
[LOG] SystemI::createSoundInternal             : Create name='', mode=0x02000202
[LOG] SystemI::createSoundInternal             : exinfo->cbsize             = 224
[LOG] SystemI::createSoundInternal             : exinfo->length             = 1556736
[LOG] SystemI::createSoundInternal             : exinfo->fileoffset         = 28864
[LOG] SystemI::createSoundInternal             : exinfo->numsubsounds       = 1
[LOG] SystemI::createSoundInternal             : exinfo->inclusionlist      = 000000D24F9FEF98
[LOG] SystemI::createSoundInternal             : exinfo->inclusionlistnum   = 1
[LOG] SystemI::createSoundInternal             : exinfo->suggestedsoundtype = 5
[LOG] SystemI::createSoundInternal             : exinfo->useropen           = 00007FFA49D05B90
[LOG] SystemI::createSoundInternal             : exinfo->userclose          = 00007FFA49D05B50
[LOG] SystemI::createSoundInternal             : exinfo->userread           = 00007FFA49D05C70
[LOG] SystemI::createSoundInternal             : exinfo->userseek           = 00007FFA49D05D30
[LOG] SystemI::createSoundInternal             : exinfo->fileuserdata       = 00000231252C25A8
[LOG] SystemI::createSoundInternal             : exinfo->initialseekpostype = 1
[LOG] SystemI::DSPCodecPoolRegister            : register codec pool for pool type 5
[LOG] SystemI::createSoundInternal             : Sample 0/1: name='Groan1', format=5, channels=2, frequency=48000, lengthbytes=61856, lengthpcm=264000, pcmblocksize=0, loopstart=0, loopend=0, mode=0x00000000, channelmask=0x00000000, channelorder=0, peakvolume=0.999969.
[LOG] SystemI::createSoundInternal             : Create name='', mode=0x02000202
[LOG] SystemI::createSoundInternal             : exinfo->cbsize             = 224
[LOG] SystemI::createSoundInternal             : exinfo->length             = 1556736
[LOG] SystemI::createSoundInternal             : exinfo->fileoffset         = 28864
[LOG] SystemI::createSoundInternal             : exinfo->numsubsounds       = 1
[LOG] SystemI::createSoundInternal             : exinfo->inclusionlist      = 000000D24F9FEF98
[LOG] SystemI::createSoundInternal             : exinfo->inclusionlistnum   = 1
[LOG] SystemI::createSoundInternal             : exinfo->suggestedsoundtype = 5
[LOG] SystemI::createSoundInternal             : exinfo->useropen           = 00007FFA49D05B90
[LOG] SystemI::createSoundInternal             : exinfo->userclose          = 00007FFA49D05B50
[LOG] SystemI::createSoundInternal             : exinfo->userread           = 00007FFA49D05C70
[LOG] SystemI::createSoundInternal             : exinfo->userseek           = 00007FFA49D05D30
[LOG] SystemI::createSoundInternal             : exinfo->fileuserdata       = 00000231252C25A8
[LOG] SystemI::createSoundInternal             : exinfo->initialseekpostype = 1
[LOG] SystemI::DSPCodecPoolRegister            : register codec pool for pool type 5
[LOG] SystemI::createSoundInternal             : Sample 0/1: name='Groan4', format=5, channels=2, frequency=48000, lengthbytes=54528, lengthpcm=240000, pcmblocksize=0, loopstart=0, loopend=0, mode=0x00000000, channelmask=0x00000000, channelorder=0, peakvolume=0.999969.
[LOG] SoundI::release                          :  (0000022F6C252D28)
[LOG] SoundI::release                          :     Groan1 (0000022F7AB1F118)
[LOG] SoundI::release                          :  (00000230789B4158)
[LOG] SoundI::release                          :     Groan2 (0000022F7AB1A178)
[LOG] SoundI::release                          :  (00000230789B3468)
[LOG] SoundI::release                          :     Groan3 (0000022F7AB1DBF8)
[LOG] SoundI::release                          :  (0000023068968978)
[LOG] SoundI::release                          :     Groan4 (0000022F7AB19958)
[LOG] SystemI::createSoundInternal             : Create name='', mode=0x02000202
[LOG] SystemI::createSoundInternal             : exinfo->cbsize             = 224
[LOG] SystemI::createSoundInternal             : exinfo->length             = 1556736
[LOG] SystemI::createSoundInternal             : exinfo->fileoffset         = 28864
[LOG] SystemI::createSoundInternal             : exinfo->numsubsounds       = 1
[LOG] SystemI::createSoundInternal             : exinfo->inclusionlist      = 000000D24F9FEF98
[LOG] SystemI::createSoundInternal             : exinfo->inclusionlistnum   = 1
[LOG] SystemI::createSoundInternal             : exinfo->suggestedsoundtype = 5
[LOG] SystemI::createSoundInternal             : exinfo->useropen           = 00007FFA49D05B90
[LOG] SystemI::createSoundInternal             : exinfo->userclose          = 00007FFA49D05B50
[LOG] SystemI::createSoundInternal             : exinfo->userread           = 00007FFA49D05C70
[LOG] SystemI::createSoundInternal             : exinfo->userseek           = 00007FFA49D05D30
[LOG] SystemI::createSoundInternal             : exinfo->fileuserdata       = 00000231252C7828
[LOG] SystemI::createSoundInternal             : exinfo->initialseekpostype = 1
[LOG] SystemI::DSPCodecPoolRegister            : register codec pool for pool type 5
[LOG] SystemI::createSoundInternal             : Sample 0/1: name='Groan2', format=5, channels=2, frequency=48000, lengthbytes=64704, lengthpcm=288000, pcmblocksize=0, loopstart=0, loopend=0, mode=0x00000000, channelmask=0x00000000, channelorder=0, peakvolume=0.999969.
[LOG] SystemI::createSoundInternal             : Create name='', mode=0x02000202
[LOG] SystemI::createSoundInternal             : exinfo->cbsize             = 224
[LOG] SystemI::createSoundInternal             : exinfo->length             = 1556736
[LOG] SystemI::createSoundInternal             : exinfo->fileoffset         = 28864
[LOG] SystemI::createSoundInternal             : exinfo->numsubsounds       = 1
[LOG] SystemI::createSoundInternal             : exinfo->inclusionlist      = 000000D24F9FEF98
[LOG] SystemI::createSoundInternal             : exinfo->inclusionlistnum   = 1
[LOG] SystemI::createSoundInternal             : exinfo->suggestedsoundtype = 5
[LOG] SystemI::createSoundInternal             : exinfo->useropen           = 00007FFA49D05B90
[LOG] SystemI::createSoundInternal             : exinfo->userclose          = 00007FFA49D05B50
[LOG] SystemI::createSoundInternal             : exinfo->userread           = 00007FFA49D05C70
[LOG] SystemI::createSoundInternal             : exinfo->userseek           = 00007FFA49D05D30
[LOG] SystemI::createSoundInternal             : exinfo->fileuserdata       = 00000231252C7828
[LOG] SystemI::createSoundInternal             : exinfo->initialseekpostype = 1
[LOG] SystemI::DSPCodecPoolRegister            : register codec pool for pool type 5
[LOG] SystemI::createSoundInternal             : Sample 0/1: name='Groan3', format=5, channels=2, frequency=48000, lengthbytes=59296, lengthpcm=264000, pcmblocksize=0, loopstart=0, loopend=0, mode=0x00000000, channelmask=0x00000000, channelorder=0, peakvolume=0.999969.
[LOG] SystemI::createSoundInternal             : Create name='', mode=0x02000202
[LOG] SystemI::createSoundInternal             : exinfo->cbsize             = 224
[LOG] SystemI::createSoundInternal             : exinfo->length             = 1556736
[LOG] SystemI::createSoundInternal             : exinfo->fileoffset         = 28864
[LOG] SystemI::createSoundInternal             : exinfo->numsubsounds       = 1
[LOG] SystemI::createSoundInternal             : exinfo->inclusionlist      = 000000D24F9FEF98
[LOG] SystemI::createSoundInternal             : exinfo->inclusionlistnum   = 1
[LOG] SystemI::createSoundInternal             : exinfo->suggestedsoundtype = 5
[LOG] SystemI::createSoundInternal             : exinfo->useropen           = 00007FFA49D05B90
[LOG] SystemI::createSoundInternal             : exinfo->userclose          = 00007FFA49D05B50
[LOG] SystemI::createSoundInternal             : exinfo->userread           = 00007FFA49D05C70
[LOG] SystemI::createSoundInternal             : exinfo->userseek           = 00007FFA49D05D30
[LOG] SystemI::createSoundInternal             : exinfo->fileuserdata       = 00000231252C7828
[LOG] SystemI::createSoundInternal             : exinfo->initialseekpostype = 1
[LOG] SystemI::DSPCodecPoolRegister            : register codec pool for pool type 5
[LOG] SystemI::createSoundInternal             : Sample 0/1: name='Groan1', format=5, channels=2, frequency=48000, lengthbytes=61856, lengthpcm=264000, pcmblocksize=0, loopstart=0, loopend=0, mode=0x00000000, channelmask=0x00000000, channelorder=0, peakvolume=0.999969.
[LOG] SystemI::createSoundInternal             : Create name='', mode=0x02000202
[LOG] SystemI::createSoundInternal             : exinfo->cbsize             = 224
[LOG] SystemI::createSoundInternal             : exinfo->length             = 1556736
[LOG] SystemI::createSoundInternal             : exinfo->fileoffset         = 28864
[LOG] SystemI::createSoundInternal             : exinfo->numsubsounds       = 1
[LOG] SystemI::createSoundInternal             : exinfo->inclusionlist      = 000000D24F9FEF98
[LOG] SystemI::createSoundInternal             : exinfo->inclusionlistnum   = 1
[LOG] SystemI::createSoundInternal             : exinfo->suggestedsoundtype = 5
[LOG] SystemI::createSoundInternal             : exinfo->useropen           = 00007FFA49D05B90
[LOG] SystemI::createSoundInternal             : exinfo->userclose          = 00007FFA49D05B50
[LOG] SystemI::createSoundInternal             : exinfo->userread           = 00007FFA49D05C70
[LOG] SystemI::createSoundInternal             : exinfo->userseek           = 00007FFA49D05D30
[LOG] SystemI::createSoundInternal             : exinfo->fileuserdata       = 00000231252C7828
[LOG] SystemI::createSoundInternal             : exinfo->initialseekpostype = 1
[LOG] SystemI::DSPCodecPoolRegister            : register codec pool for pool type 5
[LOG] SystemI::createSoundInternal             : Sample 0/1: name='Groan4', format=5, channels=2, frequency=48000, lengthbytes=54528, lengthpcm=240000, pcmblocksize=0, loopstart=0, loopend=0, mode=0x00000000, channelmask=0x00000000, channelorder=0, peakvolume=0.999969.
[LOG] SoundI::release                          :  (0000022F6C252D28)
[LOG] SoundI::release                          :     Groan1 (0000022F7AB1BEB8)
[LOG] SoundI::release                          :  (00000230789B4158)
[LOG] SoundI::release                          :     Groan2 (0000022F7AB1B4F8)
[LOG] SoundI::release                          :  (00000230789B3468)
[LOG] SoundI::release                          :     Groan3 (0000022F7AB1ACD8)
[LOG] SoundI::release                          :  (0000022D20F65618)
[LOG] SoundI::release                          :     Groan4 (0000022F7AB19958)
[LOG] SoundI::release                          :  (0000022D205FB088)
[LOG] SoundI::release                          :     Groan5 (000002309DD71E58)
[LOG] SoundI::release                          :  (0000022D205FB7B8)
[LOG] SoundI::release                          :     Groan6 (00000230773CF268)
[LOG] SoundI::release                          :  (0000022D205FBD78)
[LOG] SoundI::release                          :     Groan7 (00000230773CF408)
[LOG] SoundI::release                          :  (0000022D205FBC08)
[LOG] SoundI::release                          :     Groan8 (00000230773CF748)
[LOG] Thread::callback                         : FMOD Studio bank load thread finished.
[LOG] Thread::callback                         : FMOD Studio sample load thread finished.
[LOG] LiveUpdate::release                      : 
[LOG] LiveUpdate::reset                        : Reset connection (reason Disconnected)
[LOG] Thread::callback                         : FMOD stream thread finished.
[LOG] Thread::callback                         : FMOD mixer thread finished.
[LOG] SystemI::close                           : Closed.
